[22:14:03] chunk=0/12 fileId=f1778037240893x3r05w fileName=WhatsApp Video 2026-05-05 at 8.31.54 PM.mp4
[22:14:03] mkdir tmpDir=/tmp/ot_chunks_f1778037240893x3r05w/ ok=1
[22:14:03] chunk saved=/tmp/ot_chunks_f1778037240893x3r05w/chunk_00000 moved=1 size=1048576
[22:14:03] chunks recibidos=1 total=12
[22:14:04] chunk=1/12 fileId=f1778037240893x3r05w fileName=WhatsApp Video 2026-05-05 at 8.31.54 PM.mp4
[22:14:04] chunk saved=/tmp/ot_chunks_f1778037240893x3r05w/chunk_00001 moved=1 size=1048576
[22:14:04] chunks recibidos=2 total=12
[22:14:04] chunk=2/12 fileId=f1778037240893x3r05w fileName=WhatsApp Video 2026-05-05 at 8.31.54 PM.mp4
[22:14:04] chunk saved=/tmp/ot_chunks_f1778037240893x3r05w/chunk_00002 moved=1 size=1048576
[22:14:04] chunks recibidos=3 total=12
[22:14:05] chunk=3/12 fileId=f1778037240893x3r05w fileName=WhatsApp Video 2026-05-05 at 8.31.54 PM.mp4
[22:14:05] chunk saved=/tmp/ot_chunks_f1778037240893x3r05w/chunk_00003 moved=1 size=1048576
[22:14:05] chunks recibidos=4 total=12
[22:14:05] chunk=4/12 fileId=f1778037240893x3r05w fileName=WhatsApp Video 2026-05-05 at 8.31.54 PM.mp4
[22:14:05] chunk saved=/tmp/ot_chunks_f1778037240893x3r05w/chunk_00004 moved=1 size=1048576
[22:14:05] chunks recibidos=5 total=12
[22:14:06] chunk=5/12 fileId=f1778037240893x3r05w fileName=WhatsApp Video 2026-05-05 at 8.31.54 PM.mp4
[22:14:06] chunk saved=/tmp/ot_chunks_f1778037240893x3r05w/chunk_00005 moved=1 size=1048576
[22:14:06] chunks recibidos=6 total=12
[22:14:07] chunk=6/12 fileId=f1778037240893x3r05w fileName=WhatsApp Video 2026-05-05 at 8.31.54 PM.mp4
[22:14:07] chunk saved=/tmp/ot_chunks_f1778037240893x3r05w/chunk_00006 moved=1 size=1048576
[22:14:07] chunks recibidos=7 total=12
[22:14:07] chunk=7/12 fileId=f1778037240893x3r05w fileName=WhatsApp Video 2026-05-05 at 8.31.54 PM.mp4
[22:14:07] chunk saved=/tmp/ot_chunks_f1778037240893x3r05w/chunk_00007 moved=1 size=1048576
[22:14:07] chunks recibidos=8 total=12
[22:14:08] chunk=8/12 fileId=f1778037240893x3r05w fileName=WhatsApp Video 2026-05-05 at 8.31.54 PM.mp4
[22:14:08] chunk saved=/tmp/ot_chunks_f1778037240893x3r05w/chunk_00008 moved=1 size=1048576
[22:14:08] chunks recibidos=9 total=12
[22:14:09] chunk=9/12 fileId=f1778037240893x3r05w fileName=WhatsApp Video 2026-05-05 at 8.31.54 PM.mp4
[22:14:09] chunk saved=/tmp/ot_chunks_f1778037240893x3r05w/chunk_00009 moved=1 size=1048576
[22:14:09] chunks recibidos=10 total=12
[22:14:09] chunk=10/12 fileId=f1778037240893x3r05w fileName=WhatsApp Video 2026-05-05 at 8.31.54 PM.mp4
[22:14:09] chunk saved=/tmp/ot_chunks_f1778037240893x3r05w/chunk_00010 moved=1 size=1048576
[22:14:09] chunks recibidos=11 total=12
[22:14:10] chunk=11/12 fileId=f1778037240893x3r05w fileName=WhatsApp Video 2026-05-05 at 8.31.54 PM.mp4
[22:14:10] chunk saved=/tmp/ot_chunks_f1778037240893x3r05w/chunk_00011 moved=1 size=585058
[22:14:10] chunks recibidos=12 total=12
[22:14:10] Ensamblando archivo...
[22:14:10] Ensamblado: /tmp/ot_chunks_f1778037240893x3r05w/assembled.mp4 size=12119394
[22:14:10] ffmpeg=/usr/bin/ffmpeg
[22:14:10] Ejecutando ffmpeg...
[22:14:50] ffmpeg ret=0 outExists=1 outSize=9605957
[22:14:50] Archivo final OK: /var/www/html/demorepair/assets/img/uploads/ot/temp/vid_69fab20256e6f1.94707091.mp4 size=9605957
[22:14:51] ERROR BD: SQLSTATE[23000]: Integrity constraint violation: 1452 Cannot add or update a child row: a foreign key constraint fails (`demorepair`.`fotos_ot`, CONSTRAINT `fotos_ot_ibfk_1` FOREIGN KEY (`ot_id`) REFERENCES `ordenes_trabajo` (`id`) ON DELETE CASCADE)
[22:14:51] Respuesta: {"status":"complete","compressed":true,"original_size":12119394,"final_size":9605957,"saved_db":false,"db_error":"SQLSTATE[23000]: Integrity constraint violation: 1452 Cannot add or update a child row: a foreign key constraint fails (`demorepair`.`fotos_ot`, CONSTRAINT `fotos_ot_ibfk_1` FOREIGN KEY (`ot_id`) REFERENCES `ordenes_trabajo` (`id`) ON DELETE CASCADE)","ruta":"ot\/temp\/vid_69fab20256e6f1.94707091.mp4","duracion":101,"final_size_mb":9.16}
[22:18:27] chunk=0/12 fileId=f1778037504658anfezg fileName=WhatsApp Video 2026-05-05 at 8.31.54 PM.mp4
[22:18:27] mkdir tmpDir=/tmp/ot_chunks_f1778037504658anfezg/ ok=1
[22:18:27] chunk saved=/tmp/ot_chunks_f1778037504658anfezg/chunk_00000 moved=1 size=1048576
[22:18:27] chunks recibidos=1 total=12
[22:18:27] chunk=1/12 fileId=f1778037504658anfezg fileName=WhatsApp Video 2026-05-05 at 8.31.54 PM.mp4
[22:18:27] chunk saved=/tmp/ot_chunks_f1778037504658anfezg/chunk_00001 moved=1 size=1048576
[22:18:27] chunks recibidos=2 total=12
[22:18:28] chunk=2/12 fileId=f1778037504658anfezg fileName=WhatsApp Video 2026-05-05 at 8.31.54 PM.mp4
[22:18:28] chunk saved=/tmp/ot_chunks_f1778037504658anfezg/chunk_00002 moved=1 size=1048576
[22:18:28] chunks recibidos=3 total=12
[22:18:29] chunk=3/12 fileId=f1778037504658anfezg fileName=WhatsApp Video 2026-05-05 at 8.31.54 PM.mp4
[22:18:29] chunk saved=/tmp/ot_chunks_f1778037504658anfezg/chunk_00003 moved=1 size=1048576
[22:18:29] chunks recibidos=4 total=12
[22:18:29] chunk=4/12 fileId=f1778037504658anfezg fileName=WhatsApp Video 2026-05-05 at 8.31.54 PM.mp4
[22:18:29] chunk saved=/tmp/ot_chunks_f1778037504658anfezg/chunk_00004 moved=1 size=1048576
[22:18:29] chunks recibidos=5 total=12
[22:18:30] chunk=5/12 fileId=f1778037504658anfezg fileName=WhatsApp Video 2026-05-05 at 8.31.54 PM.mp4
[22:18:30] chunk saved=/tmp/ot_chunks_f1778037504658anfezg/chunk_00005 moved=1 size=1048576
[22:18:30] chunks recibidos=6 total=12
[22:18:30] chunk=6/12 fileId=f1778037504658anfezg fileName=WhatsApp Video 2026-05-05 at 8.31.54 PM.mp4
[22:18:30] chunk saved=/tmp/ot_chunks_f1778037504658anfezg/chunk_00006 moved=1 size=1048576
[22:18:30] chunks recibidos=7 total=12
[22:18:31] chunk=7/12 fileId=f1778037504658anfezg fileName=WhatsApp Video 2026-05-05 at 8.31.54 PM.mp4
[22:18:31] chunk saved=/tmp/ot_chunks_f1778037504658anfezg/chunk_00007 moved=1 size=1048576
[22:18:31] chunks recibidos=8 total=12
[22:18:32] chunk=8/12 fileId=f1778037504658anfezg fileName=WhatsApp Video 2026-05-05 at 8.31.54 PM.mp4
[22:18:32] chunk saved=/tmp/ot_chunks_f1778037504658anfezg/chunk_00008 moved=1 size=1048576
[22:18:32] chunks recibidos=9 total=12
[22:18:32] chunk=9/12 fileId=f1778037504658anfezg fileName=WhatsApp Video 2026-05-05 at 8.31.54 PM.mp4
[22:18:32] chunk saved=/tmp/ot_chunks_f1778037504658anfezg/chunk_00009 moved=1 size=1048576
[22:18:32] chunks recibidos=10 total=12
[22:18:33] chunk=10/12 fileId=f1778037504658anfezg fileName=WhatsApp Video 2026-05-05 at 8.31.54 PM.mp4
[22:18:33] chunk saved=/tmp/ot_chunks_f1778037504658anfezg/chunk_00010 moved=1 size=1048576
[22:18:33] chunks recibidos=11 total=12
[22:18:33] chunk=11/12 fileId=f1778037504658anfezg fileName=WhatsApp Video 2026-05-05 at 8.31.54 PM.mp4
[22:18:33] chunk saved=/tmp/ot_chunks_f1778037504658anfezg/chunk_00011 moved=1 size=585058
[22:18:33] chunks recibidos=12 total=12
[22:18:33] Ensamblando archivo...
[22:18:33] Ensamblado: /tmp/ot_chunks_f1778037504658anfezg/assembled.mp4 size=12119394
[22:18:33] ffmpeg=/usr/bin/ffmpeg
[22:18:33] Ejecutando ffmpeg...
[22:19:16] ffmpeg ret=0 outExists=1 outSize=9605957
[22:19:16] Archivo final OK: /var/www/html/demorepair/assets/img/uploads/ot/temp/vid_69fab309cc2e55.68482298.mp4 size=9605957
[22:19:16] Guardado en BD: id=30 ruta=ot/temp/vid_69fab309cc2e55.68482298.mp4
[22:19:16] Respuesta: {"status":"complete","compressed":true,"original_size":12119394,"final_size":9605957,"saved_db":true,"fotos_ot_id":"30","ruta":"ot\/temp\/vid_69fab309cc2e55.68482298.mp4","duracion":101,"final_size_mb":9.16}
[15:48:01] chunk=0/1 fileId=f1778446080236zha9iw fileName=177625.mp4
[15:48:01] mkdir tmpDir=/tmp/ot_chunks_f1778446080236zha9iw/ ok=1
[15:48:01] chunk saved=/tmp/ot_chunks_f1778446080236zha9iw/chunk_00000 moved=1 size=39037
[15:48:01] chunks recibidos=1 total=1
[15:48:01] Ensamblando archivo...
[15:48:01] Ensamblado: /tmp/ot_chunks_f1778446080236zha9iw/assembled.mp4 size=39037
[15:48:01] ffmpeg=/usr/bin/ffmpeg
[15:48:01] Ejecutando ffmpeg...
[15:48:02] ffmpeg ret=0 outExists=1 outSize=12949
[15:48:02] Archivo final OK: /var/www/html/demorepair/assets/img/uploads/ot/temp/vid_6a00ef01caf7b0.43855022.mp4 size=12949
[15:48:02] Guardado en BD: id=33 ruta=ot/temp/vid_6a00ef01caf7b0.43855022.mp4
[15:48:02] Respuesta: {"status":"complete","compressed":true,"original_size":39037,"final_size":12949,"saved_db":true,"fotos_ot_id":"33","ruta":"ot\/temp\/vid_6a00ef01caf7b0.43855022.mp4","duracion":1,"final_size_mb":0.01}
[16:10:15] chunk=0/15 fileId=f1783199415899ijf7gk fileName=WhatsApp Video 2026-07-04 at 1.09.16 PM.mp4
[16:10:15] mkdir tmpDir=C:\Users\EMER\AppData\Local\Temp/ot_chunks_f1783199415899ijf7gk/ ok=1
[16:10:15] chunk saved=C:\Users\EMER\AppData\Local\Temp/ot_chunks_f1783199415899ijf7gk/chunk_00000 moved=1 size=1048576
[16:10:15] chunks recibidos=1 total=15
[16:10:15] chunk=1/15 fileId=f1783199415899ijf7gk fileName=WhatsApp Video 2026-07-04 at 1.09.16 PM.mp4
[16:10:15] chunk saved=C:\Users\EMER\AppData\Local\Temp/ot_chunks_f1783199415899ijf7gk/chunk_00001 moved=1 size=1048576
[16:10:15] chunks recibidos=2 total=15
[16:10:15] chunk=2/15 fileId=f1783199415899ijf7gk fileName=WhatsApp Video 2026-07-04 at 1.09.16 PM.mp4
[16:10:15] chunk saved=C:\Users\EMER\AppData\Local\Temp/ot_chunks_f1783199415899ijf7gk/chunk_00002 moved=1 size=1048576
[16:10:15] chunks recibidos=3 total=15
[16:10:15] chunk=3/15 fileId=f1783199415899ijf7gk fileName=WhatsApp Video 2026-07-04 at 1.09.16 PM.mp4
[16:10:15] chunk saved=C:\Users\EMER\AppData\Local\Temp/ot_chunks_f1783199415899ijf7gk/chunk_00003 moved=1 size=1048576
[16:10:15] chunks recibidos=4 total=15
[16:10:16] chunk=4/15 fileId=f1783199415899ijf7gk fileName=WhatsApp Video 2026-07-04 at 1.09.16 PM.mp4
[16:10:16] chunk saved=C:\Users\EMER\AppData\Local\Temp/ot_chunks_f1783199415899ijf7gk/chunk_00004 moved=1 size=1048576
[16:10:16] chunks recibidos=5 total=15
[16:10:16] chunk=5/15 fileId=f1783199415899ijf7gk fileName=WhatsApp Video 2026-07-04 at 1.09.16 PM.mp4
[16:10:16] chunk saved=C:\Users\EMER\AppData\Local\Temp/ot_chunks_f1783199415899ijf7gk/chunk_00005 moved=1 size=1048576
[16:10:16] chunks recibidos=6 total=15
[16:10:16] chunk=6/15 fileId=f1783199415899ijf7gk fileName=WhatsApp Video 2026-07-04 at 1.09.16 PM.mp4
[16:10:16] chunk saved=C:\Users\EMER\AppData\Local\Temp/ot_chunks_f1783199415899ijf7gk/chunk_00006 moved=1 size=1048576
[16:10:16] chunks recibidos=7 total=15
[16:10:16] chunk=7/15 fileId=f1783199415899ijf7gk fileName=WhatsApp Video 2026-07-04 at 1.09.16 PM.mp4
[16:10:16] chunk saved=C:\Users\EMER\AppData\Local\Temp/ot_chunks_f1783199415899ijf7gk/chunk_00007 moved=1 size=1048576
[16:10:16] chunks recibidos=8 total=15
[16:10:16] chunk=8/15 fileId=f1783199415899ijf7gk fileName=WhatsApp Video 2026-07-04 at 1.09.16 PM.mp4
[16:10:16] chunk saved=C:\Users\EMER\AppData\Local\Temp/ot_chunks_f1783199415899ijf7gk/chunk_00008 moved=1 size=1048576
[16:10:16] chunks recibidos=9 total=15
[16:10:16] chunk=9/15 fileId=f1783199415899ijf7gk fileName=WhatsApp Video 2026-07-04 at 1.09.16 PM.mp4
[16:10:16] chunk saved=C:\Users\EMER\AppData\Local\Temp/ot_chunks_f1783199415899ijf7gk/chunk_00009 moved=1 size=1048576
[16:10:16] chunks recibidos=10 total=15
[16:10:16] chunk=10/15 fileId=f1783199415899ijf7gk fileName=WhatsApp Video 2026-07-04 at 1.09.16 PM.mp4
[16:10:16] chunk saved=C:\Users\EMER\AppData\Local\Temp/ot_chunks_f1783199415899ijf7gk/chunk_00010 moved=1 size=1048576
[16:10:16] chunks recibidos=11 total=15
[16:10:16] chunk=11/15 fileId=f1783199415899ijf7gk fileName=WhatsApp Video 2026-07-04 at 1.09.16 PM.mp4
[16:10:16] chunk saved=C:\Users\EMER\AppData\Local\Temp/ot_chunks_f1783199415899ijf7gk/chunk_00011 moved=1 size=1048576
[16:10:16] chunks recibidos=12 total=15
[16:10:16] chunk=12/15 fileId=f1783199415899ijf7gk fileName=WhatsApp Video 2026-07-04 at 1.09.16 PM.mp4
[16:10:16] chunk saved=C:\Users\EMER\AppData\Local\Temp/ot_chunks_f1783199415899ijf7gk/chunk_00012 moved=1 size=1048576
[16:10:16] chunks recibidos=13 total=15
[16:10:16] chunk=13/15 fileId=f1783199415899ijf7gk fileName=WhatsApp Video 2026-07-04 at 1.09.16 PM.mp4
[16:10:16] chunk saved=C:\Users\EMER\AppData\Local\Temp/ot_chunks_f1783199415899ijf7gk/chunk_00013 moved=1 size=1048576
[16:10:16] chunks recibidos=14 total=15
[16:10:16] chunk=14/15 fileId=f1783199415899ijf7gk fileName=WhatsApp Video 2026-07-04 at 1.09.16 PM.mp4
[16:10:16] chunk saved=C:\Users\EMER\AppData\Local\Temp/ot_chunks_f1783199415899ijf7gk/chunk_00014 moved=1 size=68219
[16:10:16] chunks recibidos=15 total=15
[16:10:16] Ensamblando archivo...
[16:10:16] Ensamblado: C:\Users\EMER\AppData\Local\Temp/ot_chunks_f1783199415899ijf7gk/assembled.mp4 size=14748283
[16:10:16] ffmpeg=NOT FOUND
[16:10:16] Sin ffmpeg — copiando original
[16:10:16] Archivo final OK: C:\laragon\www\mrtech/assets/img/uploads/ot/temp/vid_6a4976b845ff98.28951276.mp4 size=14748283
[16:10:16] Guardado en BD: id=35 ruta=ot/temp/vid_6a4976b845ff98.28951276.mp4
[16:10:16] Respuesta: {"status":"complete","compressed":false,"saved_db":true,"fotos_ot_id":"35","ruta":"ot\/temp\/vid_6a4976b845ff98.28951276.mp4","duracion":null,"final_size":14748283,"final_size_mb":14.07}
